[  0%] Built target std_msgs_generate_messages_lisp
[  0%] Built target sensor_msgs_generate_messages_lisp
[  0%] Built target std_msgs_generate_messages_eus
[  0%] Built target sensor_msgs_generate_messages_cpp
[  0%] Built target sensor_msgs_generate_messages_nodejs
[  0%] Built target std_msgs_generate_messages_nodejs
[  0%] Built target sensor_msgs_generate_messages_eus
[  0%] Built target std_msgs_generate_messages_py
[  0%] Built target std_msgs_generate_messages_cpp
[  0%] Built target sensor_msgs_generate_messages_py
[ 18%] Built target move_group_1
[ 18%] Built target _moveo_moveit_generate_messages_check_deps_ArmJointState
[ 54%] Built target moveo_moveit_generate_messages_cpp
[ 54%] Built target moveo_moveit_generate_messages_eus
[ 54%] Built target moveo_moveit_generate_messages_lisp
[ 72%] Built target moveo_moveit_generate_messages_py
[ 81%] Built target moveo_moveit_generate_messages_nodejs
[35m[1mScanning dependencies of target moveit_convert[0m
[ 81%] Built target moveo_moveit_generate_messages
[ 90%] [32mBuilding CXX object CMakeFiles/moveit_convert.dir/src/moveit_convert.cpp.o[0m
[100%] [32m[1mLinking CXX executable /home/graest/ARM_PTH/devel/.private/moveo_moveit/lib/moveo_moveit/moveit_convert[0m
[100%] Built target moveit_convert
